<?xml version="1.0" encoding="UTF-8"?>
<!-- Generated by org.testng.reporters.JUnitReportReporter -->
<testsuite skipped="0" hostname="MININT-0QQM07S" name="com.testscript.Test2" tests="1" failures="0" timestamp="29 Nov 2017 12:19:42 GMT" time="0.135" errors="0">
  <testcase name="LoginTest1" time="0.135" classname="com.testscript.Test2"/>
</testsuite> <!-- com.testscript.Test2 -->
